update-alternatives 2023-03-08 17:38:38: run with --install /usr/bin/awk awk /usr/bin/mawk 5 --slave /usr/share/man/man1/awk.1.gz awk.1.gz /usr/share/man/man1/mawk.1.gz --slave /usr/bin/nawk nawk /usr/bin/mawk --slave /usr/share/man/man1/nawk.1.gz nawk.1.gz /usr/share/man/man1/mawk.1.gz
update-alternatives 2023-03-08 17:38:38: link group awk updated to point to /usr/bin/mawk
update-alternatives 2023-03-08 17:38:46: run with --install /usr/bin/which which /usr/bin/which.debianutils 0 --slave /usr/share/man/man1/which.1.gz which.1.gz /usr/share/man/man1/which.debianutils.1.gz --slave /usr/share/man/de/man1/which.1.gz which.de1.gz /usr/share/man/de/man1/which.debianutils.1.gz --slave /usr/share/man/es/man1/which.1.gz which.es1.gz /usr/share/man/es/man1/which.debianutils.1.gz --slave /usr/share/man/fr/man1/which.1.gz which.fr1.gz /usr/share/man/fr/man1/which.debianutils.1.gz --slave /usr/share/man/it/man1/which.1.gz which.it1.gz /usr/share/man/it/man1/which.debianutils.1.gz --slave /usr/share/man/ja/man1/which.1.gz which.ja1.gz /usr/share/man/ja/man1/which.debianutils.1.gz --slave /usr/share/man/pl/man1/which.1.gz which.pl1.gz /usr/share/man/pl/man1/which.debianutils.1.gz --slave /usr/share/man/sl/man1/which.1.gz which.sl1.gz /usr/share/man/sl/man1/which.debianutils.1.gz
update-alternatives 2023-03-08 17:38:46: link group which updated to point to /usr/bin/which.debianutils
update-alternatives 2023-03-08 17:38:46: run with --install /usr/bin/awk awk /usr/bin/mawk 5 --slave /usr/share/man/man1/awk.1.gz awk.1.gz /usr/share/man/man1/mawk.1.gz --slave /usr/bin/nawk nawk /usr/bin/mawk --slave /usr/share/man/man1/nawk.1.gz nawk.1.gz /usr/share/man/man1/mawk.1.gz
update-alternatives 2023-03-08 17:38:47: run with --install /usr/share/man/man7/builtins.7.gz builtins.7.gz /usr/share/man/man7/bash-builtins.7.gz 10
update-alternatives 2023-03-08 17:38:47: link group builtins.7.gz updated to point to /usr/share/man/man7/bash-builtins.7.gz
update-alternatives 2023-03-08 17:38:48: run with --install /usr/sbin/rmt rmt /usr/sbin/rmt-tar 50 --slave /usr/share/man/man8/rmt.8.gz rmt.8.gz /usr/share/man/man8/rmt-tar.8.gz
update-alternatives 2023-03-08 17:38:48: link group rmt updated to point to /usr/sbin/rmt-tar
update-alternatives 2023-03-08 17:38:49: run with --install /usr/bin/pager pager /bin/more 50 --slave /usr/share/man/man1/pager.1.gz pager.1.gz /usr/share/man/man1/more.1.gz
update-alternatives 2023-03-08 17:38:49: link group pager updated to point to /bin/more
update-alternatives 2023-03-08 17:39:08: run with --quiet --install /usr/bin/pager pager /usr/bin/less 77 --slave /usr/share/man/man1/pager.1.gz pager.1.gz /usr/share/man/man1/less.1.gz
update-alternatives 2023-03-08 17:39:08: link group pager updated to point to /usr/bin/less
update-alternatives 2023-03-08 17:39:11: run with --install /etc/newt/palette newt-palette /etc/newt/palette.ubuntu 50
update-alternatives 2023-03-08 17:39:11: link group newt-palette updated to point to /etc/newt/palette.ubuntu
update-alternatives 2023-03-08 17:39:11: run with --install /etc/newt/palette newt-palette /etc/newt/palette.original 20
update-alternatives 2023-03-08 17:39:12: run with --install /bin/nc nc /bin/nc.openbsd 50 --slave /bin/netcat netcat /bin/nc.openbsd --slave /usr/share/man/man1/nc.1.gz nc.1.gz /usr/share/man/man1/nc_openbsd.1.gz --slave /usr/share/man/man1/netcat.1.gz netcat.1.gz /usr/share/man/man1/nc_openbsd.1.gz
update-alternatives 2023-03-08 17:39:12: link group nc updated to point to /bin/nc.openbsd
update-alternatives 2023-03-08 17:39:12: run with --install /usr/bin/rview rview /usr/bin/vim.tiny 15
update-alternatives 2023-03-08 17:39:12: link group rview updated to point to /usr/bin/vim.tiny
update-alternatives 2023-03-08 17:39:12: run with --install /usr/bin/vi vi /usr/bin/vim.tiny 15 --slave /usr/share/man/da/man1/vi.1.gz vi.da.1.gz /usr/share/man/da/man1/vim.1.gz --slave /usr/share/man/de/man1/vi.1.gz vi.de.1.gz /usr/share/man/de/man1/vim.1.gz --slave /usr/share/man/fr/man1/vi.1.gz vi.fr.1.gz /usr/share/man/fr/man1/vim.1.gz --slave /usr/share/man/it/man1/vi.1.gz vi.it.1.gz /usr/share/man/it/man1/vim.1.gz --slave /usr/share/man/ja/man1/vi.1.gz vi.ja.1.gz /usr/share/man/ja/man1/vim.1.gz --slave /usr/share/man/pl/man1/vi.1.gz vi.pl.1.gz /usr/share/man/pl/man1/vim.1.gz --slave /usr/share/man/ru/man1/vi.1.gz vi.ru.1.gz /usr/share/man/ru/man1/vim.1.gz --slave /usr/share/man/man1/vi.1.gz vi.1.gz /usr/share/man/man1/vim.1.gz
update-alternatives 2023-03-08 17:39:12: link group vi updated to point to /usr/bin/vim.tiny
update-alternatives 2023-03-08 17:39:12: run with --install /usr/bin/view view /usr/bin/vim.tiny 15 --slave /usr/share/man/da/man1/view.1.gz view.da.1.gz /usr/share/man/da/man1/vim.1.gz --slave /usr/share/man/de/man1/view.1.gz view.de.1.gz /usr/share/man/de/man1/vim.1.gz --slave /usr/share/man/fr/man1/view.1.gz view.fr.1.gz /usr/share/man/fr/man1/vim.1.gz --slave /usr/share/man/it/man1/view.1.gz view.it.1.gz /usr/share/man/it/man1/vim.1.gz --slave /usr/share/man/ja/man1/view.1.gz view.ja.1.gz /usr/share/man/ja/man1/vim.1.gz --slave /usr/share/man/pl/man1/view.1.gz view.pl.1.gz /usr/share/man/pl/man1/vim.1.gz --slave /usr/share/man/ru/man1/view.1.gz view.ru.1.gz /usr/share/man/ru/man1/vim.1.gz --slave /usr/share/man/man1/view.1.gz view.1.gz /usr/share/man/man1/vim.1.gz
update-alternatives 2023-03-08 17:39:12: link group view updated to point to /usr/bin/vim.tiny
update-alternatives 2023-03-08 17:39:12: run with --install /usr/bin/ex ex /usr/bin/vim.tiny 15 --slave /usr/share/man/da/man1/ex.1.gz ex.da.1.gz /usr/share/man/da/man1/vim.1.gz --slave /usr/share/man/de/man1/ex.1.gz ex.de.1.gz /usr/share/man/de/man1/vim.1.gz --slave /usr/share/man/fr/man1/ex.1.gz ex.fr.1.gz /usr/share/man/fr/man1/vim.1.gz --slave /usr/share/man/it/man1/ex.1.gz ex.it.1.gz /usr/share/man/it/man1/vim.1.gz --slave /usr/share/man/ja/man1/ex.1.gz ex.ja.1.gz /usr/share/man/ja/man1/vim.1.gz --slave /usr/share/man/pl/man1/ex.1.gz ex.pl.1.gz /usr/share/man/pl/man1/vim.1.gz --slave /usr/share/man/ru/man1/ex.1.gz ex.ru.1.gz /usr/share/man/ru/man1/vim.1.gz --slave /usr/share/man/man1/ex.1.gz ex.1.gz /usr/share/man/man1/vim.1.gz
update-alternatives 2023-03-08 17:39:12: link group ex updated to point to /usr/bin/vim.tiny
update-alternatives 2023-03-08 17:39:12: run with --install /usr/bin/editor editor /usr/bin/vim.tiny 15 --slave /usr/share/man/da/man1/editor.1.gz editor.da.1.gz /usr/share/man/da/man1/vim.1.gz --slave /usr/share/man/de/man1/editor.1.gz editor.de.1.gz /usr/share/man/de/man1/vim.1.gz --slave /usr/share/man/fr/man1/editor.1.gz editor.fr.1.gz /usr/share/man/fr/man1/vim.1.gz --slave /usr/share/man/it/man1/editor.1.gz editor.it.1.gz /usr/share/man/it/man1/vim.1.gz --slave /usr/share/man/ja/man1/editor.1.gz editor.ja.1.gz /usr/share/man/ja/man1/vim.1.gz --slave /usr/share/man/pl/man1/editor.1.gz editor.pl.1.gz /usr/share/man/pl/man1/vim.1.gz --slave /usr/share/man/ru/man1/editor.1.gz editor.ru.1.gz /usr/share/man/ru/man1/vim.1.gz --slave /usr/share/man/man1/editor.1.gz editor.1.gz /usr/share/man/man1/vim.1.gz
update-alternatives 2023-03-08 17:39:12: link group editor updated to point to /usr/bin/vim.tiny
update-alternatives 2023-03-08 17:39:23: run with --install /etc/vtrgb vtrgb /etc/console-setup/vtrgb 50
update-alternatives 2023-03-08 17:39:23: link group vtrgb updated to point to /etc/console-setup/vtrgb
update-alternatives 2023-03-08 17:39:23: run with --install /etc/vtrgb vtrgb /etc/console-setup/vtrgb.vga 20
update-alternatives 2024-05-21 20:34:57: run with --quiet --install /usr/bin/pinentry pinentry /usr/bin/pinentry-curses 50 --slave /usr/share/man/man1/pinentry.1.gz pinentry.1.gz /usr/share/man/man1/pinentry-curses.1.gz
update-alternatives 2024-05-21 20:34:57: link group pinentry updated to point to /usr/bin/pinentry-curses
update-alternatives 2024-05-21 20:36:06: run with --remove builtins.7.gz /usr/share/man/man7/bash-builtins.7.gz
update-alternatives 2024-05-21 20:36:06: link group builtins.7.gz fully removed
update-alternatives 2024-05-21 20:36:06: run with --install /usr/share/man/man7/builtins.7.gz builtins.7.gz /usr/share/man/man7/bash-builtins.7.gz 10
update-alternatives 2024-05-21 20:36:06: link group builtins.7.gz updated to point to /usr/share/man/man7/bash-builtins.7.gz
update-alternatives 2024-05-21 20:36:08: run with --install /usr/sbin/rmt rmt /usr/sbin/rmt-tar 50 --slave /usr/share/man/man8/rmt.8.gz rmt.8.gz /usr/share/man/man8/rmt-tar.8.gz
update-alternatives 2024-05-21 20:36:11: run with --install /usr/bin/pager pager /bin/more 50 --slave /usr/share/man/man1/pager.1.gz pager.1.gz /usr/share/man/man1/more.1.gz
update-alternatives 2024-05-21 20:36:37: run with --quiet --install /usr/bin/pager pager /usr/bin/less 77 --slave /usr/share/man/man1/pager.1.gz pager.1.gz /usr/share/man/man1/less.1.gz
update-alternatives 2024-05-21 20:36:42: run with --install /usr/bin/rview rview /usr/bin/vim.tiny 15
update-alternatives 2024-05-21 20:36:42: run with --install /usr/bin/vi vi /usr/bin/vim.tiny 15 --slave /usr/share/man/da/man1/vi.1.gz vi.da.1.gz /usr/share/man/da/man1/vim.1.gz --slave /usr/share/man/de/man1/vi.1.gz vi.de.1.gz /usr/share/man/de/man1/vim.1.gz --slave /usr/share/man/fr/man1/vi.1.gz vi.fr.1.gz /usr/share/man/fr/man1/vim.1.gz --slave /usr/share/man/it/man1/vi.1.gz vi.it.1.gz /usr/share/man/it/man1/vim.1.gz --slave /usr/share/man/ja/man1/vi.1.gz vi.ja.1.gz /usr/share/man/ja/man1/vim.1.gz --slave /usr/share/man/pl/man1/vi.1.gz vi.pl.1.gz /usr/share/man/pl/man1/vim.1.gz --slave /usr/share/man/ru/man1/vi.1.gz vi.ru.1.gz /usr/share/man/ru/man1/vim.1.gz --slave /usr/share/man/man1/vi.1.gz vi.1.gz /usr/share/man/man1/vim.1.gz
update-alternatives 2024-05-21 20:36:42: run with --install /usr/bin/view view /usr/bin/vim.tiny 15 --slave /usr/share/man/da/man1/view.1.gz view.da.1.gz /usr/share/man/da/man1/vim.1.gz --slave /usr/share/man/de/man1/view.1.gz view.de.1.gz /usr/share/man/de/man1/vim.1.gz --slave /usr/share/man/fr/man1/view.1.gz view.fr.1.gz /usr/share/man/fr/man1/vim.1.gz --slave /usr/share/man/it/man1/view.1.gz view.it.1.gz /usr/share/man/it/man1/vim.1.gz --slave /usr/share/man/ja/man1/view.1.gz view.ja.1.gz /usr/share/man/ja/man1/vim.1.gz --slave /usr/share/man/pl/man1/view.1.gz view.pl.1.gz /usr/share/man/pl/man1/vim.1.gz --slave /usr/share/man/ru/man1/view.1.gz view.ru.1.gz /usr/share/man/ru/man1/vim.1.gz --slave /usr/share/man/man1/view.1.gz view.1.gz /usr/share/man/man1/vim.1.gz
update-alternatives 2024-05-21 20:36:42: run with --install /usr/bin/ex ex /usr/bin/vim.tiny 15 --slave /usr/share/man/da/man1/ex.1.gz ex.da.1.gz /usr/share/man/da/man1/vim.1.gz --slave /usr/share/man/de/man1/ex.1.gz ex.de.1.gz /usr/share/man/de/man1/vim.1.gz --slave /usr/share/man/fr/man1/ex.1.gz ex.fr.1.gz /usr/share/man/fr/man1/vim.1.gz --slave /usr/share/man/it/man1/ex.1.gz ex.it.1.gz /usr/share/man/it/man1/vim.1.gz --slave /usr/share/man/ja/man1/ex.1.gz ex.ja.1.gz /usr/share/man/ja/man1/vim.1.gz --slave /usr/share/man/pl/man1/ex.1.gz ex.pl.1.gz /usr/share/man/pl/man1/vim.1.gz --slave /usr/share/man/ru/man1/ex.1.gz ex.ru.1.gz /usr/share/man/ru/man1/vim.1.gz --slave /usr/share/man/man1/ex.1.gz ex.1.gz /usr/share/man/man1/vim.1.gz
update-alternatives 2024-05-21 20:36:42: run with --install /usr/bin/editor editor /usr/bin/vim.tiny 15 --slave /usr/share/man/da/man1/editor.1.gz editor.da.1.gz /usr/share/man/da/man1/vim.1.gz --slave /usr/share/man/de/man1/editor.1.gz editor.de.1.gz /usr/share/man/de/man1/vim.1.gz --slave /usr/share/man/fr/man1/editor.1.gz editor.fr.1.gz /usr/share/man/fr/man1/vim.1.gz --slave /usr/share/man/it/man1/editor.1.gz editor.it.1.gz /usr/share/man/it/man1/vim.1.gz --slave /usr/share/man/ja/man1/editor.1.gz editor.ja.1.gz /usr/share/man/ja/man1/vim.1.gz --slave /usr/share/man/pl/man1/editor.1.gz editor.pl.1.gz /usr/share/man/pl/man1/vim.1.gz --slave /usr/share/man/ru/man1/editor.1.gz editor.ru.1.gz /usr/share/man/ru/man1/vim.1.gz --slave /usr/share/man/man1/editor.1.gz editor.1.gz /usr/share/man/man1/vim.1.gz
update-alternatives 2024-05-21 20:51:55: run with --install /usr/share/plymouth/themes/default.plymouth default.plymouth /usr/share/plymouth/themes/bgrt/bgrt.plymouth 110
update-alternatives 2024-05-21 20:51:55: link group default.plymouth updated to point to /usr/share/plymouth/themes/bgrt/bgrt.plymouth
update-alternatives 2024-05-21 20:51:56: run with --install /usr/share/plymouth/themes/default.plymouth default.plymouth /usr/share/plymouth/themes/pop-basic/pop-basic.plymouth 200
update-alternatives 2024-05-21 20:51:56: link group default.plymouth updated to point to /usr/share/plymouth/themes/pop-basic/pop-basic.plymouth
update-alternatives 2024-05-21 20:54:08: run with --install /usr/share/gnome-shell/gdm-theme.gresource gdm-theme.gresource /usr/share/gnome-shell/gnome-shell-theme.gresource 10
update-alternatives 2024-05-21 20:54:08: link group gdm-theme.gresource updated to point to /usr/share/gnome-shell/gnome-shell-theme.gresource
update-alternatives 2024-05-21 20:54:08: run with --install /usr/share/gnome-shell/gdm-theme.gresource gdm-theme.gresource /usr/share/gnome-shell/theme/Yaru/gnome-shell-theme.gresource 15
update-alternatives 2024-05-21 20:54:08: link group gdm-theme.gresource updated to point to /usr/share/gnome-shell/theme/Yaru/gnome-shell-theme.gresource
update-alternatives 2024-05-21 20:54:09: run with --quiet --install /lib/cpp cpp /usr/bin/cpp 10
update-alternatives 2024-05-21 20:54:09: link group cpp updated to point to /usr/bin/cpp
update-alternatives 2024-05-21 20:54:10: run with --install /usr/share/gnome-shell/gdm-theme.gresource gdm-theme.gresource /usr/share/gnome-shell/theme/Pop/gnome-shell-theme.gresource 20
update-alternatives 2024-05-21 20:54:10: link group gdm-theme.gresource updated to point to /usr/share/gnome-shell/theme/Pop/gnome-shell-theme.gresource
update-alternatives 2024-05-21 20:54:19: run with --install /usr/share/icons/default/index.theme x-cursor-theme /usr/share/icons/Adwaita/cursor.theme 90
update-alternatives 2024-05-21 20:54:19: link group x-cursor-theme updated to point to /usr/share/icons/Adwaita/cursor.theme
update-alternatives 2024-05-21 20:54:22: run with --install /usr/bin/x-session-manager x-session-manager /usr/bin/gnome-session 50 --slave /usr/share/man/man1/x-session-manager.1.gz x-session-manager.1.gz /usr/share/man/man1/gnome-session.1.gz
update-alternatives 2024-05-21 20:54:22: link group x-session-manager updated to point to /usr/bin/gnome-session
update-alternatives 2024-05-21 20:54:23: run with --quiet --install /usr/bin/pinentry pinentry /usr/bin/pinentry-gnome3 90 --slave /usr/share/man/man1/pinentry.1.gz pinentry.1.gz /usr/share/man/man1/pinentry-gnome3.1.gz
update-alternatives 2024-05-21 20:54:23: link group pinentry updated to point to /usr/bin/pinentry-gnome3
update-alternatives 2024-05-21 20:54:23: run with --quiet --install /usr/bin/pinentry-x11 pinentry-x11 /usr/bin/pinentry-gnome3 90 --slave /usr/share/man/man1/pinentry-x11.1.gz pinentry-x11.1.gz /usr/share/man/man1/pinentry-gnome3.1.gz
update-alternatives 2024-05-21 20:54:23: link group pinentry-x11 updated to point to /usr/bin/pinentry-gnome3
update-alternatives 2024-05-21 20:54:24: run with --install /etc/pam.d/gdm-smartcard gdm-smartcard /etc/pam.d/gdm-smartcard-sssd-exclusive 50
update-alternatives 2024-05-21 20:54:24: link group gdm-smartcard updated to point to /etc/pam.d/gdm-smartcard-sssd-exclusive
update-alternatives 2024-05-21 20:54:24: run with --install /etc/pam.d/gdm-smartcard gdm-smartcard /etc/pam.d/gdm-smartcard-sssd-or-password 40
update-alternatives 2024-05-21 20:54:24: run with --install /etc/pam.d/gdm-smartcard gdm-smartcard /etc/pam.d/gdm-smartcard-pkcs11-exclusive 30
update-alternatives 2024-05-21 20:54:27: run with --install /usr/bin/x-terminal-emulator x-terminal-emulator /usr/bin/gnome-terminal.wrapper 40 --slave /usr/share/man/man1/x-terminal-emulator.1.gz x-terminal-emulator.1.gz /usr/share/man/man1/gnome-terminal.1.gz
update-alternatives 2024-05-21 20:54:27: link group x-terminal-emulator updated to point to /usr/bin/gnome-terminal.wrapper
update-alternatives 2024-05-21 20:55:51: run with --install /bin/mt mt /bin/mt-gnu 10 --slave /usr/share/man/man1/mt.1.gz mt.1.gz /usr/share/man/man1/mt-gnu.1.gz
update-alternatives 2024-05-21 20:55:51: link group mt updated to point to /bin/mt-gnu
update-alternatives 2024-05-21 20:55:53: run with --install /usr/bin/telnet telnet /usr/bin/telnet.netkit 100 --slave /usr/share/man/man1/telnet.1.gz telnet.1.gz /usr/share/man/man1/telnet.netkit.1.gz
update-alternatives 2024-05-21 20:55:53: link group telnet updated to point to /usr/bin/telnet.netkit
update-alternatives 2024-05-21 20:55:53: run with --install /usr/bin/write write /usr/bin/write.ul 100 --slave /usr/share/man/man1/write.1.gz write.1.gz /usr/share/man/man1/write.ul.1.gz
update-alternatives 2024-05-21 20:55:53: link group write updated to point to /usr/bin/write.ul
update-alternatives 2024-05-21 20:55:55: run with --install /usr/share/plymouth/themes/text.plymouth text.plymouth /usr/share/plymouth/themes/pop-text/pop-text.plymouth 30
update-alternatives 2024-05-21 20:55:55: link group text.plymouth updated to point to /usr/share/plymouth/themes/pop-text/pop-text.plymouth
update-alternatives 2024-05-21 20:55:55: run with --set text.plymouth /usr/share/plymouth/themes/pop-text/pop-text.plymouth
update-alternatives 2024-05-21 20:55:55: status of link group /usr/share/plymouth/themes/text.plymouth set to manual
update-alternatives 2024-05-21 20:55:58: run with --install /usr/bin/fakeroot fakeroot /usr/bin/fakeroot-sysv 50 --slave /usr/share/man/man1/fakeroot.1.gz fakeroot.1.gz /usr/share/man/man1/fakeroot-sysv.1.gz --slave /usr/share/man/man1/faked.1.gz faked.1.gz /usr/share/man/man1/faked-sysv.1.gz --slave /usr/share/man/es/man1/fakeroot.1.gz fakeroot.es.1.gz /usr/share/man/es/man1/fakeroot-sysv.1.gz --slave /usr/share/man/es/man1/faked.1.gz faked.es.1.gz /usr/share/man/es/man1/faked-sysv.1.gz --slave /usr/share/man/fr/man1/fakeroot.1.gz fakeroot.fr.1.gz /usr/share/man/fr/man1/fakeroot-sysv.1.gz --slave /usr/share/man/fr/man1/faked.1.gz faked.fr.1.gz /usr/share/man/fr/man1/faked-sysv.1.gz --slave /usr/share/man/sv/man1/fakeroot.1.gz fakeroot.sv.1.gz /usr/share/man/sv/man1/fakeroot-sysv.1.gz --slave /usr/share/man/sv/man1/faked.1.gz faked.sv.1.gz /usr/share/man/sv/man1/faked-sysv.1.gz
update-alternatives 2024-05-21 20:55:58: link group fakeroot updated to point to /usr/bin/fakeroot-sysv
update-alternatives 2024-05-21 20:55:58: run with --install /usr/bin/fakeroot fakeroot /usr/bin/fakeroot-tcp 30 --slave /usr/share/man/man1/fakeroot.1.gz fakeroot.1.gz /usr/share/man/man1/fakeroot-tcp.1.gz --slave /usr/share/man/man1/faked.1.gz faked.1.gz /usr/share/man/man1/faked-tcp.1.gz --slave /usr/share/man/es/man1/fakeroot.1.gz fakeroot.es.1.gz /usr/share/man/es/man1/fakeroot-tcp.1.gz --slave /usr/share/man/es/man1/faked.1.gz faked.es.1.gz /usr/share/man/es/man1/faked-tcp.1.gz --slave /usr/share/man/fr/man1/fakeroot.1.gz fakeroot.fr.1.gz /usr/share/man/fr/man1/fakeroot-tcp.1.gz --slave /usr/share/man/fr/man1/faked.1.gz faked.fr.1.gz /usr/share/man/fr/man1/faked-tcp.1.gz --slave /usr/share/man/sv/man1/fakeroot.1.gz fakeroot.sv.1.gz /usr/share/man/sv/man1/fakeroot-tcp.1.gz --slave /usr/share/man/sv/man1/faked.1.gz faked.sv.1.gz /usr/share/man/sv/man1/faked-tcp.1.gz
update-alternatives 2024-05-21 20:56:03: run with --install /usr/bin/lzma lzma /usr/bin/xz 20 --slave /usr/share/man/man1/lzma.1.gz lzma.1.gz /usr/share/man/man1/xz.1.gz --slave /usr/bin/unlzma unlzma /usr/bin/unxz --slave /usr/share/man/man1/unlzma.1.gz unlzma.1.gz /usr/share/man/man1/unxz.1.gz --slave /usr/bin/lzcat lzcat /usr/bin/xzcat --slave /usr/share/man/man1/lzcat.1.gz lzcat.1.gz /usr/share/man/man1/xzcat.1.gz --slave /usr/bin/lzmore lzmore /usr/bin/xzmore --slave /usr/share/man/man1/lzmore.1.gz lzmore.1.gz /usr/share/man/man1/xzmore.1.gz --slave /usr/bin/lzless lzless /usr/bin/xzless --slave /usr/share/man/man1/lzless.1.gz lzless.1.gz /usr/share/man/man1/xzless.1.gz --slave /usr/bin/lzdiff lzdiff /usr/bin/xzdiff --slave /usr/share/man/man1/lzdiff.1.gz lzdiff.1.gz /usr/share/man/man1/xzdiff.1.gz --slave /usr/bin/lzcmp lzcmp /usr/bin/xzcmp --slave /usr/share/man/man1/lzcmp.1.gz lzcmp.1.gz /usr/share/man/man1/xzcmp.1.gz --slave /usr/bin/lzgrep lzgrep /usr/bin/xzgrep --slave /usr/share/man/man1/lzgrep.1.gz lzgrep.1.gz /usr/share/man/man1/xzgrep.1.gz --slave /usr/bin/lzegrep lzegrep /usr/bin/xzegrep --slave /usr/share/man/man1/lzegrep.1.gz lzegrep.1.gz /usr/share/man/man1/xzegrep.1.gz --slave /usr/bin/lzfgrep lzfgrep /usr/bin/xzfgrep --slave /usr/share/man/man1/lzfgrep.1.gz lzfgrep.1.gz /usr/share/man/man1/xzfgrep.1.gz
update-alternatives 2024-05-21 20:56:03: link group lzma updated to point to /usr/bin/xz
update-alternatives 2024-05-21 20:56:05: run with --install /usr/bin/editor editor /bin/nano 40 --slave /usr/share/man/man1/editor.1.gz editor.1.gz /usr/share/man/man1/nano.1.gz
update-alternatives 2024-05-21 20:56:05: link group editor updated to point to /bin/nano
update-alternatives 2024-05-21 20:56:05: run with --install /usr/bin/pico pico /bin/nano 10 --slave /usr/share/man/man1/pico.1.gz pico.1.gz /usr/share/man/man1/nano.1.gz
update-alternatives 2024-05-21 20:56:05: link group pico updated to point to /bin/nano
update-alternatives 2024-05-21 20:56:05: run with --install /usr/bin/gstreamer-codec-install gstreamer-codec-install /usr/bin/gst-install 80
update-alternatives 2024-05-21 20:56:05: link group gstreamer-codec-install updated to point to /usr/bin/gst-install
update-alternatives 2024-05-21 20:56:07: run with --install /usr/bin/ftp ftp /usr/bin/tnftp 120 --slave /usr/share/man/man1/ftp.1.gz ftp.1.gz /usr/share/man/man1/tnftp.1.gz
update-alternatives 2024-05-21 20:56:07: link group ftp updated to point to /usr/bin/tnftp
update-alternatives 2024-05-21 20:56:13: run with --install /usr/bin/open open /usr/bin/xdg-open 50 --slave /usr/share/man/man1/open.1.gz open.1.gz /usr/share/man/man1/xdg-open.1.gz
update-alternatives 2024-05-21 20:56:13: link group open updated to point to /usr/bin/xdg-open
update-alternatives 2024-05-21 20:56:14: run with --install /usr/bin/infobrowser infobrowser /usr/bin/info 60 --slave /usr/share/man/man1/infobrowser.1.gz infobrowser.1.gz /usr/share/man/man1/info.1.gz
update-alternatives 2024-05-21 20:56:14: link group infobrowser updated to point to /usr/bin/info
update-alternatives 2024-05-21 20:56:19: run with --install /usr/bin/rsh rsh /usr/bin/ssh 20 --slave /usr/share/man/man1/rsh.1.gz rsh.1.gz /usr/share/man/man1/ssh.1.gz
update-alternatives 2024-05-21 20:56:19: link group rsh updated to point to /usr/bin/ssh
update-alternatives 2024-05-21 20:56:19: run with --install /usr/bin/rlogin rlogin /usr/bin/slogin 20 --slave /usr/share/man/man1/rlogin.1.gz rlogin.1.gz /usr/share/man/man1/slogin.1.gz
update-alternatives 2024-05-21 20:56:19: link group rlogin updated to point to /usr/bin/slogin
update-alternatives 2024-05-21 20:56:19: run with --install /usr/bin/rcp rcp /usr/bin/scp 20 --slave /usr/share/man/man1/rcp.1.gz rcp.1.gz /usr/share/man/man1/scp.1.gz
update-alternatives 2024-05-21 20:56:19: link group rcp updated to point to /usr/bin/scp
update-alternatives 2024-05-21 20:56:29: run with --install /usr/bin/gnome-text-editor gnome-text-editor /usr/bin/gedit 50 --slave /usr/share/man/man1/gnome-text-editor.1.gz gnome-text-editor.1.gz /usr/share/man/man1/gedit.1.gz
update-alternatives 2024-05-21 20:56:29: link group gnome-text-editor updated to point to /usr/bin/gedit
update-alternatives 2024-05-21 20:56:30: run with --install /usr/sbin/iptables iptables /usr/sbin/iptables-legacy 10 --slave /usr/sbin/iptables-restore iptables-restore /usr/sbin/iptables-legacy-restore --slave /usr/sbin/iptables-save iptables-save /usr/sbin/iptables-legacy-save
update-alternatives 2024-05-21 20:56:30: link group iptables updated to point to /usr/sbin/iptables-legacy
update-alternatives 2024-05-21 20:56:30: run with --install /usr/sbin/ip6tables ip6tables /usr/sbin/ip6tables-legacy 10 --slave /usr/sbin/ip6tables-restore ip6tables-restore /usr/sbin/ip6tables-legacy-restore --slave /usr/sbin/ip6tables-save ip6tables-save /usr/sbin/ip6tables-legacy-save
update-alternatives 2024-05-21 20:56:30: link group ip6tables updated to point to /usr/sbin/ip6tables-legacy
update-alternatives 2024-05-21 20:56:30: run with --install /usr/sbin/iptables iptables /usr/sbin/iptables-nft 20 --slave /usr/sbin/iptables-restore iptables-restore /usr/sbin/iptables-nft-restore --slave /usr/sbin/iptables-save iptables-save /usr/sbin/iptables-nft-save
update-alternatives 2024-05-21 20:56:30: link group iptables updated to point to /usr/sbin/iptables-nft
update-alternatives 2024-05-21 20:56:30: run with --install /usr/sbin/ip6tables ip6tables /usr/sbin/ip6tables-nft 20 --slave /usr/sbin/ip6tables-restore ip6tables-restore /usr/sbin/ip6tables-nft-restore --slave /usr/sbin/ip6tables-save ip6tables-save /usr/sbin/ip6tables-nft-save
update-alternatives 2024-05-21 20:56:30: link group ip6tables updated to point to /usr/sbin/ip6tables-nft
update-alternatives 2024-05-21 20:56:30: run with --install /usr/sbin/arptables arptables /usr/sbin/arptables-nft 20 --slave /usr/sbin/arptables-restore arptables-restore /usr/sbin/arptables-nft-restore --slave /usr/sbin/arptables-save arptables-save /usr/sbin/arptables-nft-save
update-alternatives 2024-05-21 20:56:30: link group arptables updated to point to /usr/sbin/arptables-nft
update-alternatives 2024-05-21 20:56:30: run with --install /usr/sbin/ebtables ebtables /usr/sbin/ebtables-nft 20 --slave /usr/sbin/ebtables-restore ebtables-restore /usr/sbin/ebtables-nft-restore --slave /usr/sbin/ebtables-save ebtables-save /usr/sbin/ebtables-nft-save
update-alternatives 2024-05-21 20:56:30: link group ebtables updated to point to /usr/sbin/ebtables-nft
update-alternatives 2024-05-21 20:56:40: run with --quiet --install /usr/bin/cc cc /usr/bin/gcc 20 --slave /usr/share/man/man1/cc.1.gz cc.1.gz /usr/share/man/man1/gcc.1.gz
update-alternatives 2024-05-21 20:56:40: link group cc updated to point to /usr/bin/gcc
update-alternatives 2024-05-21 20:56:40: run with --quiet --install /usr/bin/c89 c89 /usr/bin/c89-gcc 20 --slave /usr/share/man/man1/c89.1.gz c89.1.gz /usr/share/man/man1/c89-gcc.1.gz
update-alternatives 2024-05-21 20:56:40: link group c89 updated to point to /usr/bin/c89-gcc
update-alternatives 2024-05-21 20:56:40: run with --quiet --install /usr/bin/c99 c99 /usr/bin/c99-gcc 20 --slave /usr/share/man/man1/c99.1.gz c99.1.gz /usr/share/man/man1/c99-gcc.1.gz
update-alternatives 2024-05-21 20:56:40: link group c99 updated to point to /usr/bin/c99-gcc
update-alternatives 2024-05-21 20:56:40: run with --install /usr/bin/c++ c++ /usr/bin/g++ 20 --slave /usr/share/man/man1/c++.1.gz c++.1.gz /usr/share/man/man1/g++.1.gz
update-alternatives 2024-05-21 20:56:40: link group c++ updated to point to /usr/bin/g++
update-alternatives 2024-05-21 21:09:33: run with --remove gdm-theme.gresource /usr/share/gnome-shell/theme/Yaru/gnome-shell-theme.gresource
update-alternatives 2024-05-21 21:12:00: run with --install /etc/cifs-utils/idmap-plugin idmap-plugin /usr/lib/x86_64-linux-gnu/cifs-utils/idmapwb.so 40 --slave /usr/share/man/man8/idmap-plugin.8.gz idmap-plugin.8.gz /usr/share/man/man8/idmapwb.8.gz
update-alternatives 2024-05-21 21:12:00: link group idmap-plugin updated to point to /usr/lib/x86_64-linux-gnu/cifs-utils/idmapwb.so
update-alternatives 2024-08-18 13:18:20: run with --remove idmap-plugin /usr/lib/x86_64-linux-gnu/cifs-utils/idmapwb.so
update-alternatives 2024-08-18 13:18:20: link group idmap-plugin fully removed
update-alternatives 2024-08-18 20:51:49: run with --install /usr/bin/rsh rsh /usr/bin/ssh 20 --slave /usr/share/man/man1/rsh.1.gz rsh.1.gz /usr/share/man/man1/ssh.1.gz
update-alternatives 2024-08-18 20:51:49: run with --install /usr/bin/rlogin rlogin /usr/bin/slogin 20 --slave /usr/share/man/man1/rlogin.1.gz rlogin.1.gz /usr/share/man/man1/slogin.1.gz
update-alternatives 2024-08-18 20:51:49: run with --install /usr/bin/rcp rcp /usr/bin/scp 20 --slave /usr/share/man/man1/rcp.1.gz rcp.1.gz /usr/share/man/man1/scp.1.gz
update-alternatives 2024-08-18 20:55:47: run with --install /usr/bin/rview rview /usr/bin/vim.tiny 15
update-alternatives 2024-08-18 20:55:47: run with --install /usr/bin/vi vi /usr/bin/vim.tiny 15 --slave /usr/share/man/da/man1/vi.1.gz vi.da.1.gz /usr/share/man/da/man1/vim.1.gz --slave /usr/share/man/de/man1/vi.1.gz vi.de.1.gz /usr/share/man/de/man1/vim.1.gz --slave /usr/share/man/fr/man1/vi.1.gz vi.fr.1.gz /usr/share/man/fr/man1/vim.1.gz --slave /usr/share/man/it/man1/vi.1.gz vi.it.1.gz /usr/share/man/it/man1/vim.1.gz --slave /usr/share/man/ja/man1/vi.1.gz vi.ja.1.gz /usr/share/man/ja/man1/vim.1.gz --slave /usr/share/man/pl/man1/vi.1.gz vi.pl.1.gz /usr/share/man/pl/man1/vim.1.gz --slave /usr/share/man/ru/man1/vi.1.gz vi.ru.1.gz /usr/share/man/ru/man1/vim.1.gz --slave /usr/share/man/man1/vi.1.gz vi.1.gz /usr/share/man/man1/vim.1.gz
update-alternatives 2024-08-18 20:55:47: run with --install /usr/bin/view view /usr/bin/vim.tiny 15 --slave /usr/share/man/da/man1/view.1.gz view.da.1.gz /usr/share/man/da/man1/vim.1.gz --slave /usr/share/man/de/man1/view.1.gz view.de.1.gz /usr/share/man/de/man1/vim.1.gz --slave /usr/share/man/fr/man1/view.1.gz view.fr.1.gz /usr/share/man/fr/man1/vim.1.gz --slave /usr/share/man/it/man1/view.1.gz view.it.1.gz /usr/share/man/it/man1/vim.1.gz --slave /usr/share/man/ja/man1/view.1.gz view.ja.1.gz /usr/share/man/ja/man1/vim.1.gz --slave /usr/share/man/pl/man1/view.1.gz view.pl.1.gz /usr/share/man/pl/man1/vim.1.gz --slave /usr/share/man/ru/man1/view.1.gz view.ru.1.gz /usr/share/man/ru/man1/vim.1.gz --slave /usr/share/man/man1/view.1.gz view.1.gz /usr/share/man/man1/vim.1.gz
update-alternatives 2024-08-18 20:55:47: run with --install /usr/bin/ex ex /usr/bin/vim.tiny 15 --slave /usr/share/man/da/man1/ex.1.gz ex.da.1.gz /usr/share/man/da/man1/vim.1.gz --slave /usr/share/man/de/man1/ex.1.gz ex.de.1.gz /usr/share/man/de/man1/vim.1.gz --slave /usr/share/man/fr/man1/ex.1.gz ex.fr.1.gz /usr/share/man/fr/man1/vim.1.gz --slave /usr/share/man/it/man1/ex.1.gz ex.it.1.gz /usr/share/man/it/man1/vim.1.gz --slave /usr/share/man/ja/man1/ex.1.gz ex.ja.1.gz /usr/share/man/ja/man1/vim.1.gz --slave /usr/share/man/pl/man1/ex.1.gz ex.pl.1.gz /usr/share/man/pl/man1/vim.1.gz --slave /usr/share/man/ru/man1/ex.1.gz ex.ru.1.gz /usr/share/man/ru/man1/vim.1.gz --slave /usr/share/man/man1/ex.1.gz ex.1.gz /usr/share/man/man1/vim.1.gz
update-alternatives 2024-08-18 20:55:47: run with --install /usr/bin/editor editor /usr/bin/vim.tiny 15 --slave /usr/share/man/da/man1/editor.1.gz editor.da.1.gz /usr/share/man/da/man1/vim.1.gz --slave /usr/share/man/de/man1/editor.1.gz editor.de.1.gz /usr/share/man/de/man1/vim.1.gz --slave /usr/share/man/fr/man1/editor.1.gz editor.fr.1.gz /usr/share/man/fr/man1/vim.1.gz --slave /usr/share/man/it/man1/editor.1.gz editor.it.1.gz /usr/share/man/it/man1/vim.1.gz --slave /usr/share/man/ja/man1/editor.1.gz editor.ja.1.gz /usr/share/man/ja/man1/vim.1.gz --slave /usr/share/man/pl/man1/editor.1.gz editor.pl.1.gz /usr/share/man/pl/man1/vim.1.gz --slave /usr/share/man/ru/man1/editor.1.gz editor.ru.1.gz /usr/share/man/ru/man1/vim.1.gz --slave /usr/share/man/man1/editor.1.gz editor.1.gz /usr/share/man/man1/vim.1.gz
update-alternatives 2024-08-18 21:16:37: run with --install /usr/bin/x-terminal-emulator x-terminal-emulator /usr/bin/alacritty 50 --slave /usr/share/man/man1/x-terminal-emulator.1.gz x-terminal-emulator.1.gz /usr/share/man/man1/alacritty.1.gz
update-alternatives 2024-08-18 21:16:37: link group x-terminal-emulator updated to point to /usr/bin/alacritty
update-alternatives 2024-08-18 21:23:55: run with --quiet --install /usr/bin/open open /usr/bin/run-mailcap 30 --slave /usr/share/man/man1/open.1.gz open.1.gz /usr/share/man/man1/run-mailcap.1.gz
update-alternatives 2024-08-18 21:24:13: run with --install /usr/bin/php php /usr/bin/php8.1 81 --slave /usr/share/man/man1/php.1.gz php.1.gz /usr/share/man/man1/php8.1.1.gz
update-alternatives 2024-08-18 21:24:13: link group php updated to point to /usr/bin/php8.1
update-alternatives 2024-08-18 21:24:13: run with --install /usr/bin/phar phar /usr/bin/phar8.1 81 --slave /usr/share/man/man1/phar.1.gz phar.1.gz /usr/share/man/man1/phar8.1.1.gz
update-alternatives 2024-08-18 21:24:13: link group phar updated to point to /usr/bin/phar8.1
update-alternatives 2024-08-18 21:24:13: run with --install /usr/bin/phar.phar phar.phar /usr/bin/phar.phar8.1 81 --slave /usr/share/man/man1/phar.phar.1.gz phar.phar.1.gz /usr/share/man/man1/phar.phar8.1.1.gz
update-alternatives 2024-08-18 21:24:13: link group phar.phar updated to point to /usr/bin/phar.phar8.1
update-alternatives 2024-08-18 23:06:29: run with --install /usr/bin/figlet figlet /usr/bin/figlet-toilet 20
update-alternatives 2024-08-18 23:06:29: link group figlet updated to point to /usr/bin/figlet-toilet
update-alternatives 2024-08-18 23:06:29: run with --remove figlet /usr/bin/toilet
update-alternatives 2024-08-18 23:06:30: run with --quiet --install /usr/bin/pager pager /usr/bin/w3m 25 --slave /usr/share/man/man1/pager.1.gz pager.1.gz /usr/share/man/man1/w3m.1.gz
update-alternatives 2024-08-18 23:06:30: run with --quiet --install /usr/bin/www-browser www-browser /usr/bin/w3m 25 --slave /usr/share/man/man1/www-browser.1.gz www-browser.1.gz /usr/share/man/man1/w3m.1.gz
update-alternatives 2024-08-18 23:06:30: link group www-browser updated to point to /usr/bin/w3m
update-alternatives 2024-08-18 23:06:30: run with --install /usr/bin/compare compare /usr/bin/compare-im6.q16 10000 --slave /usr/share/man/man1/compare.1.gz compare.1.gz /usr/share/man/man1/compare-im6.q16.1.gz
update-alternatives 2024-08-18 23:06:30: link group compare updated to point to /usr/bin/compare-im6.q16
update-alternatives 2024-08-18 23:06:30: run with --install /usr/bin/compare-im6 compare-im6 /usr/bin/compare-im6.q16 10000 --slave /usr/share/man/man1/compare-im6.1.gz compare-im6.1.gz /usr/share/man/man1/compare-im6.q16.1.gz
update-alternatives 2024-08-18 23:06:30: link group compare-im6 updated to point to /usr/bin/compare-im6.q16
update-alternatives 2024-08-18 23:06:30: run with --install /usr/bin/animate animate /usr/bin/animate-im6.q16 10000 --slave /usr/share/man/man1/animate.1.gz animate.1.gz /usr/share/man/man1/animate-im6.q16.1.gz
update-alternatives 2024-08-18 23:06:30: link group animate updated to point to /usr/bin/animate-im6.q16
update-alternatives 2024-08-18 23:06:30: run with --install /usr/bin/animate-im6 animate-im6 /usr/bin/animate-im6.q16 10000 --slave /usr/share/man/man1/animate-im6.1.gz animate-im6.1.gz /usr/share/man/man1/animate-im6.q16.1.gz
update-alternatives 2024-08-18 23:06:30: link group animate-im6 updated to point to /usr/bin/animate-im6.q16
update-alternatives 2024-08-18 23:06:30: run with --install /usr/bin/convert convert /usr/bin/convert-im6.q16 10000 --slave /usr/share/man/man1/convert.1.gz convert.1.gz /usr/share/man/man1/convert-im6.q16.1.gz
update-alternatives 2024-08-18 23:06:30: link group convert updated to point to /usr/bin/convert-im6.q16
update-alternatives 2024-08-18 23:06:30: run with --install /usr/bin/convert-im6 convert-im6 /usr/bin/convert-im6.q16 10000 --slave /usr/share/man/man1/convert-im6.1.gz convert-im6.1.gz /usr/share/man/man1/convert-im6.q16.1.gz
update-alternatives 2024-08-18 23:06:30: link group convert-im6 updated to point to /usr/bin/convert-im6.q16
update-alternatives 2024-08-18 23:06:30: run with --install /usr/bin/composite composite /usr/bin/composite-im6.q16 10000 --slave /usr/share/man/man1/composite.1.gz composite.1.gz /usr/share/man/man1/composite-im6.q16.1.gz
update-alternatives 2024-08-18 23:06:30: link group composite updated to point to /usr/bin/composite-im6.q16
update-alternatives 2024-08-18 23:06:30: run with --install /usr/bin/composite-im6 composite-im6 /usr/bin/composite-im6.q16 10000 --slave /usr/share/man/man1/composite-im6.1.gz composite-im6.1.gz /usr/share/man/man1/composite-im6.q16.1.gz
update-alternatives 2024-08-18 23:06:30: link group composite-im6 updated to point to /usr/bin/composite-im6.q16
update-alternatives 2024-08-18 23:06:30: run with --install /usr/bin/conjure conjure /usr/bin/conjure-im6.q16 10000 --slave /usr/share/man/man1/conjure.1.gz conjure.1.gz /usr/share/man/man1/conjure-im6.q16.1.gz
update-alternatives 2024-08-18 23:06:30: link group conjure updated to point to /usr/bin/conjure-im6.q16
update-alternatives 2024-08-18 23:06:30: run with --install /usr/bin/conjure-im6 conjure-im6 /usr/bin/conjure-im6.q16 10000 --slave /usr/share/man/man1/conjure-im6.1.gz conjure-im6.1.gz /usr/share/man/man1/conjure-im6.q16.1.gz
update-alternatives 2024-08-18 23:06:30: link group conjure-im6 updated to point to /usr/bin/conjure-im6.q16
update-alternatives 2024-08-18 23:06:30: run with --install /usr/bin/import import /usr/bin/import-im6.q16 10000 --slave /usr/share/man/man1/import.1.gz import.1.gz /usr/share/man/man1/import-im6.q16.1.gz
update-alternatives 2024-08-18 23:06:30: link group import updated to point to /usr/bin/import-im6.q16
update-alternatives 2024-08-18 23:06:30: run with --install /usr/bin/import-im6 import-im6 /usr/bin/import-im6.q16 10000 --slave /usr/share/man/man1/import-im6.1.gz import-im6.1.gz /usr/share/man/man1/import-im6.q16.1.gz
update-alternatives 2024-08-18 23:06:30: link group import-im6 updated to point to /usr/bin/import-im6.q16
update-alternatives 2024-08-18 23:06:30: run with --install /usr/bin/identify identify /usr/bin/identify-im6.q16 10000 --slave /usr/share/man/man1/identify.1.gz identify.1.gz /usr/share/man/man1/identify-im6.q16.1.gz
update-alternatives 2024-08-18 23:06:30: link group identify updated to point to /usr/bin/identify-im6.q16
update-alternatives 2024-08-18 23:06:30: run with --install /usr/bin/identify-im6 identify-im6 /usr/bin/identify-im6.q16 10000 --slave /usr/share/man/man1/identify-im6.1.gz identify-im6.1.gz /usr/share/man/man1/identify-im6.q16.1.gz
update-alternatives 2024-08-18 23:06:30: link group identify-im6 updated to point to /usr/bin/identify-im6.q16
update-alternatives 2024-08-18 23:06:30: run with --install /usr/bin/stream stream /usr/bin/stream-im6.q16 10000 --slave /usr/share/man/man1/stream.1.gz stream.1.gz /usr/share/man/man1/stream-im6.q16.1.gz
update-alternatives 2024-08-18 23:06:30: link group stream updated to point to /usr/bin/stream-im6.q16
update-alternatives 2024-08-18 23:06:30: run with --install /usr/bin/stream-im6 stream-im6 /usr/bin/stream-im6.q16 10000 --slave /usr/share/man/man1/stream-im6.1.gz stream-im6.1.gz /usr/share/man/man1/stream-im6.q16.1.gz
update-alternatives 2024-08-18 23:06:30: link group stream-im6 updated to point to /usr/bin/stream-im6.q16
update-alternatives 2024-08-18 23:06:30: run with --install /usr/bin/display display /usr/bin/display-im6.q16 10000 --slave /usr/share/man/man1/display.1.gz display.1.gz /usr/share/man/man1/display-im6.q16.1.gz
update-alternatives 2024-08-18 23:06:30: link group display updated to point to /usr/bin/display-im6.q16
update-alternatives 2024-08-18 23:06:30: run with --install /usr/bin/display-im6 display-im6 /usr/bin/display-im6.q16 10000 --slave /usr/share/man/man1/display-im6.1.gz display-im6.1.gz /usr/share/man/man1/display-im6.q16.1.gz
update-alternatives 2024-08-18 23:06:30: link group display-im6 updated to point to /usr/bin/display-im6.q16
update-alternatives 2024-08-18 23:06:30: run with --install /usr/bin/montage montage /usr/bin/montage-im6.q16 10000 --slave /usr/share/man/man1/montage.1.gz montage.1.gz /usr/share/man/man1/montage-im6.q16.1.gz
update-alternatives 2024-08-18 23:06:30: link group montage updated to point to /usr/bin/montage-im6.q16
update-alternatives 2024-08-18 23:06:30: run with --install /usr/bin/montage-im6 montage-im6 /usr/bin/montage-im6.q16 10000 --slave /usr/share/man/man1/montage-im6.1.gz montage-im6.1.gz /usr/share/man/man1/montage-im6.q16.1.gz
update-alternatives 2024-08-18 23:06:30: link group montage-im6 updated to point to /usr/bin/montage-im6.q16
update-alternatives 2024-08-18 23:06:30: run with --install /usr/bin/mogrify mogrify /usr/bin/mogrify-im6.q16 10000 --slave /usr/share/man/man1/mogrify.1.gz mogrify.1.gz /usr/share/man/man1/mogrify-im6.q16.1.gz
update-alternatives 2024-08-18 23:06:30: link group mogrify updated to point to /usr/bin/mogrify-im6.q16
update-alternatives 2024-08-18 23:06:30: run with --install /usr/bin/mogrify-im6 mogrify-im6 /usr/bin/mogrify-im6.q16 10000 --slave /usr/share/man/man1/mogrify-im6.1.gz mogrify-im6.1.gz /usr/share/man/man1/mogrify-im6.q16.1.gz
update-alternatives 2024-08-18 23:06:30: link group mogrify-im6 updated to point to /usr/bin/mogrify-im6.q16
update-alternatives 2024-08-20 03:52:32: run with --install /usr/bin/js js /usr/bin/nodejs 200 --slave /usr/share/man/man1/js.1.gz js.1.gz /usr/share/man/man1/nodejs.1.gz
update-alternatives 2024-08-20 03:52:32: link group js updated to point to /usr/bin/nodejs
update-alternatives 2024-08-22 00:27:45: run with --install /usr/bin/notepadqq notepadqq /usr/lib/notepadqq/notepadqq.sh 100
update-alternatives 2024-08-22 00:27:45: link group notepadqq updated to point to /usr/lib/notepadqq/notepadqq.sh
update-alternatives 2024-08-22 00:27:45: run with --install /usr/bin/notepadqq notepadqq /usr/lib/notepadqq/notepadqq-gtk.sh 50
update-alternatives 2024-08-22 12:22:14: run with --install /usr/share/gnome-shell/gdm-theme.gresource gdm-theme.gresource /usr/share/gnome-shell/theme/Pop/gnome-shell-theme.gresource 20
update-alternatives 2024-08-22 14:54:10: run with --install /usr/bin/php php /usr/bin/php.default 100 --slave /usr/share/man/man1/php.1.gz php.1.gz /usr/share/man/man1/php.default.1.gz
update-alternatives 2024-08-22 14:54:10: link group php updated to point to /usr/bin/php.default
update-alternatives 2024-08-22 14:54:10: run with --install /usr/bin/phar phar /usr/bin/phar.default 100 --slave /usr/share/man/man1/phar.1.gz phar.1.gz /usr/share/man/man1/phar.default.1.gz
update-alternatives 2024-08-22 14:54:10: link group phar updated to point to /usr/bin/phar.default
update-alternatives 2024-08-22 14:54:10: run with --install /usr/bin/phar.phar phar.phar /usr/bin/phar.phar.default 100 --slave /usr/share/man/man1/phar.phar.1.gz phar.phar.1.gz /usr/share/man/man1/phar.phar.default.1.gz
update-alternatives 2024-08-22 14:54:10: link group phar.phar updated to point to /usr/bin/phar.phar.default
update-alternatives 2024-08-22 19:56:39: run with --install /usr/lib/osspd/ossp-slave ossp-slave /usr/lib/osspd/ossp-alsap 60
update-alternatives 2024-08-22 19:56:39: link group ossp-slave updated to point to /usr/lib/osspd/ossp-alsap
update-alternatives 2024-08-23 12:21:46: run with --install /etc/mysql/my.cnf my.cnf /etc/mysql/my.cnf.fallback 100
update-alternatives 2024-08-23 12:21:46: link group my.cnf updated to point to /etc/mysql/my.cnf.fallback
update-alternatives 2024-08-23 12:21:52: run with --install /var/lib/mecab/dic/debian mecab-dictionary /var/lib/mecab/dic/ipadic 70
update-alternatives 2024-08-23 12:21:52: link group mecab-dictionary updated to point to /var/lib/mecab/dic/ipadic
update-alternatives 2024-08-23 12:21:54: run with --install /var/lib/mecab/dic/debian mecab-dictionary /var/lib/mecab/dic/ipadic-utf8 80
update-alternatives 2024-08-23 12:21:54: link group mecab-dictionary updated to point to /var/lib/mecab/dic/ipadic-utf8
update-alternatives 2024-08-23 12:21:54: run with --install /etc/mysql/my.cnf my.cnf /etc/mysql/mysql.cnf 200
update-alternatives 2024-08-23 12:21:54: link group my.cnf updated to point to /etc/mysql/mysql.cnf
